2023-07-03 14:14:40,454 [Worker-3: Loading available Gradle versions] INFO  o.e.b.c.i.u.g.PublishedGradleVersions - Gradle version information cache is up-to-date. Trying to read.
2023-07-03 14:15:42,510 [Worker-1: Creating project "SeleniumProjectV1"] INFO  o.e.m.c.i.l.LifecycleMappingFactory - Using org.eclipse.m2e.jdt.JarLifecycleMapping lifecycle mapping for MavenProject: SeleniumProjectV1:SeleniumProjectV1:0.0.1-SNAPSHOT @ C:\Users\Butterfly\Desktop\Repository Project\TechmindzFebruary\ProjectWorkspace\SeleniumProjectV1\pom.xml.
2023-07-03 14:15:45,094 [Worker-1: Creating project "SeleniumProjectV1"] INFO  o.e.m.j.i.AbstractJavaProjectConfigurator - Adding source folder /SeleniumProjectV1/src/main/java
2023-07-03 14:15:45,101 [Worker-1: Creating project "SeleniumProjectV1"] INFO  o.e.m.j.i.AbstractJavaProjectConfigurator - Adding resource folder /SeleniumProjectV1/src/main/resources
2023-07-03 14:15:45,107 [Worker-1: Creating project "SeleniumProjectV1"] INFO  o.e.m.j.i.AbstractJavaProjectConfigurator - Adding source folder /SeleniumProjectV1/src/test/java
2023-07-03 14:15:45,108 [Worker-1: Creating project "SeleniumProjectV1"] INFO  o.e.m.j.i.AbstractJavaProjectConfigurator - Adding resource folder /SeleniumProjectV1/src/test/resources
2023-07-03 14:15:54,401 [Worker-6: Building] WARN  o.e.m.c.i.embedder.EclipseLogger - Using platform encoding (Cp1252 actually) to copy filtered resources, i.e. build is platform dependent!
2023-07-03 14:15:54,417 [Worker-6: Building] INFO  o.e.m.c.i.embedder.EclipseLogger - Copying 0 resource
2023-07-03 14:15:54,431 [Worker-6: Building] WARN  o.e.m.c.i.embedder.EclipseLogger - Using platform encoding (Cp1252 actually) to copy filtered resources, i.e. build is platform dependent!
2023-07-03 14:15:54,436 [Worker-6: Building] INFO  o.e.m.c.i.embedder.EclipseLogger - Copying 0 resource
2023-07-03 14:16:04,680 [Worker-13: Building] WARN  o.e.m.c.i.embedder.EclipseLogger - Using platform encoding (Cp1252 actually) to copy filtered resources, i.e. build is platform dependent!
2023-07-03 14:16:04,694 [Worker-13: Building] INFO  o.e.m.c.i.embedder.EclipseLogger - skip non existing resourceDirectory C:\Users\Butterfly\Desktop\Repository Project\TechmindzFebruary\ProjectWorkspace\SeleniumProjectV1\src\main\resources
2023-07-03 14:16:04,700 [Worker-13: Building] WARN  o.e.m.c.i.embedder.EclipseLogger - Using platform encoding (Cp1252 actually) to copy filtered resources, i.e. build is platform dependent!
2023-07-03 14:16:04,717 [Worker-13: Building] INFO  o.e.m.c.i.embedder.EclipseLogger - Copying 0 resource
2023-07-03 14:16:10,357 [Worker-7: Building] WARN  o.e.m.c.i.embedder.EclipseLogger - Using platform encoding (Cp1252 actually) to copy filtered resources, i.e. build is platform dependent!
2023-07-03 14:16:10,365 [Worker-7: Building] INFO  o.e.m.c.i.embedder.EclipseLogger - skip non existing resourceDirectory C:\Users\Butterfly\Desktop\Repository Project\TechmindzFebruary\ProjectWorkspace\SeleniumProjectV1\src\main\resources
2023-07-03 14:16:10,382 [Worker-7: Building] WARN  o.e.m.c.i.embedder.EclipseLogger - Using platform encoding (Cp1252 actually) to copy filtered resources, i.e. build is platform dependent!
2023-07-03 14:16:10,385 [Worker-7: Building] INFO  o.e.m.c.i.embedder.EclipseLogger - skip non existing resourceDirectory C:\Users\Butterfly\Desktop\Repository Project\TechmindzFebruary\ProjectWorkspace\SeleniumProjectV1\src\test\resources
2023-07-03 14:18:07,102 [Worker-11: Building] WARN  o.e.m.c.i.embedder.EclipseLogger - Using platform encoding (Cp1252 actually) to copy filtered resources, i.e. build is platform dependent!
2023-07-03 14:18:07,105 [Worker-11: Building] INFO  o.e.m.c.i.embedder.EclipseLogger - skip non existing resourceDirectory C:\Users\Butterfly\Desktop\Repository Project\TechmindzFebruary\ProjectWorkspace\SeleniumProjectV1\src\main\resources
2023-07-03 14:18:07,115 [Worker-11: Building] WARN  o.e.m.c.i.embedder.EclipseLogger - Using platform encoding (Cp1252 actually) to copy filtered resources, i.e. build is platform dependent!
2023-07-03 14:18:07,117 [Worker-11: Building] INFO  o.e.m.c.i.embedder.EclipseLogger - skip non existing resourceDirectory C:\Users\Butterfly\Desktop\Repository Project\TechmindzFebruary\ProjectWorkspace\SeleniumProjectV1\src\test\resources
2023-07-03 14:19:03,417 [Worker-13: Building] WARN  o.e.m.c.i.embedder.EclipseLogger - Using platform encoding (Cp1252 actually) to copy filtered resources, i.e. build is platform dependent!
2023-07-03 14:19:03,420 [Worker-13: Building] INFO  o.e.m.c.i.embedder.EclipseLogger - skip non existing resourceDirectory C:\Users\Butterfly\Desktop\Repository Project\TechmindzFebruary\ProjectWorkspace\SeleniumProjectV1\src\main\resources
2023-07-03 14:19:03,506 [Worker-13: Building] WARN  o.e.m.c.i.embedder.EclipseLogger - Using platform encoding (Cp1252 actually) to copy filtered resources, i.e. build is platform dependent!
2023-07-03 14:19:03,509 [Worker-13: Building] INFO  o.e.m.c.i.embedder.EclipseLogger - skip non existing resourceDirectory C:\Users\Butterfly\Desktop\Repository Project\TechmindzFebruary\ProjectWorkspace\SeleniumProjectV1\src\test\resources
2023-07-03 14:19:35,929 [Worker-2: Building] WARN  o.e.m.c.i.embedder.EclipseLogger - Using platform encoding (Cp1252 actually) to copy filtered resources, i.e. build is platform dependent!
2023-07-03 14:19:35,951 [Worker-2: Building] INFO  o.e.m.c.i.embedder.EclipseLogger - skip non existing resourceDirectory C:\Users\Butterfly\Desktop\Repository Project\TechmindzFebruary\ProjectWorkspace\SeleniumProjectV1\src\main\resources
2023-07-03 14:19:35,959 [Worker-2: Building] WARN  o.e.m.c.i.embedder.EclipseLogger - Using platform encoding (Cp1252 actually) to copy filtered resources, i.e. build is platform dependent!
2023-07-03 14:19:35,962 [Worker-2: Building] INFO  o.e.m.c.i.embedder.EclipseLogger - skip non existing resourceDirectory C:\Users\Butterfly\Desktop\Repository Project\TechmindzFebruary\ProjectWorkspace\SeleniumProjectV1\src\test\resources
2023-07-03 14:19:53,445 [Worker-1: Building] WARN  o.e.m.c.i.embedder.EclipseLogger - Using platform encoding (Cp1252 actually) to copy filtered resources, i.e. build is platform dependent!
2023-07-03 14:19:53,448 [Worker-1: Building] INFO  o.e.m.c.i.embedder.EclipseLogger - skip non existing resourceDirectory C:\Users\Butterfly\Desktop\Repository Project\TechmindzFebruary\ProjectWorkspace\SeleniumProjectV1\src\main\resources
2023-07-03 14:19:53,458 [Worker-1: Building] WARN  o.e.m.c.i.embedder.EclipseLogger - Using platform encoding (Cp1252 actually) to copy filtered resources, i.e. build is platform dependent!
2023-07-03 14:19:53,460 [Worker-1: Building] INFO  o.e.m.c.i.embedder.EclipseLogger - skip non existing resourceDirectory C:\Users\Butterfly\Desktop\Repository Project\TechmindzFebruary\ProjectWorkspace\SeleniumProjectV1\src\test\resources
2023-07-03 14:22:35,258 [Worker-0: Building] INFO  o.e.m.c.i.l.LifecycleMappingFactory - Using org.eclipse.m2e.jdt.JarLifecycleMapping lifecycle mapping for MavenProject: SeleniumProjectV1:SeleniumProjectV1:0.0.1-SNAPSHOT @ C:\Users\Butterfly\Desktop\Repository Project\TechmindzFebruary\ProjectWorkspace\SeleniumProjectV1\pom.xml.
2023-07-03 14:22:45,387 [Worker-0: Building] WARN  o.e.m.c.i.embedder.EclipseLogger - Using platform encoding (Cp1252 actually) to copy filtered resources, i.e. build is platform dependent!
2023-07-03 14:22:45,391 [Worker-0: Building] INFO  o.e.m.c.i.embedder.EclipseLogger - skip non existing resourceDirectory C:\Users\Butterfly\Desktop\Repository Project\TechmindzFebruary\ProjectWorkspace\SeleniumProjectV1\src\main\resources
2023-07-03 14:22:45,409 [Worker-0: Building] WARN  o.e.m.c.i.embedder.EclipseLogger - Using platform encoding (Cp1252 actually) to copy filtered resources, i.e. build is platform dependent!
2023-07-03 14:22:45,412 [Worker-0: Building] INFO  o.e.m.c.i.embedder.EclipseLogger - skip non existing resourceDirectory C:\Users\Butterfly\Desktop\Repository Project\TechmindzFebruary\ProjectWorkspace\SeleniumProjectV1\src\test\resources
2023-07-03 14:23:27,135 [Worker-11: Building] WARN  o.e.m.c.i.embedder.EclipseLogger - Using platform encoding (Cp1252 actually) to copy filtered resources, i.e. build is platform dependent!
2023-07-03 14:23:27,244 [Worker-11: Building] INFO  o.e.m.c.i.embedder.EclipseLogger - skip non existing resourceDirectory C:\Users\Butterfly\Desktop\Repository Project\TechmindzFebruary\ProjectWorkspace\SeleniumProjectV1\src\main\resources
2023-07-03 14:23:27,253 [Worker-11: Building] WARN  o.e.m.c.i.embedder.EclipseLogger - Using platform encoding (Cp1252 actually) to copy filtered resources, i.e. build is platform dependent!
2023-07-03 14:23:27,255 [Worker-11: Building] INFO  o.e.m.c.i.embedder.EclipseLogger - skip non existing resourceDirectory C:\Users\Butterfly\Desktop\Repository Project\TechmindzFebruary\ProjectWorkspace\SeleniumProjectV1\src\test\resources
2023-07-03 14:25:25,617 [Worker-1: Building] INFO  o.e.m.c.i.l.LifecycleMappingFactory - Using org.eclipse.m2e.jdt.JarLifecycleMapping lifecycle mapping for MavenProject: SeleniumProjectV1:SeleniumProjectV1:0.0.1-SNAPSHOT @ C:\Users\Butterfly\Desktop\Repository Project\TechmindzFebruary\ProjectWorkspace\SeleniumProjectV1\pom.xml.
2023-07-03 14:25:31,439 [Worker-1: Building] WARN  o.e.m.c.i.embedder.EclipseLogger - Using platform encoding (Cp1252 actually) to copy filtered resources, i.e. build is platform dependent!
2023-07-03 14:25:31,449 [Worker-1: Building] INFO  o.e.m.c.i.embedder.EclipseLogger - skip non existing resourceDirectory C:\Users\Butterfly\Desktop\Repository Project\TechmindzFebruary\ProjectWorkspace\SeleniumProjectV1\src\main\resources
2023-07-03 14:25:31,461 [Worker-1: Building] WARN  o.e.m.c.i.embedder.EclipseLogger - Using platform encoding (Cp1252 actually) to copy filtered resources, i.e. build is platform dependent!
2023-07-03 14:25:31,464 [Worker-1: Building] INFO  o.e.m.c.i.embedder.EclipseLogger - skip non existing resourceDirectory C:\Users\Butterfly\Desktop\Repository Project\TechmindzFebruary\ProjectWorkspace\SeleniumProjectV1\src\test\resources
2023-07-03 14:26:52,299 [Worker-2: Creating project "SeleniumProjectVersion1"] INFO  o.e.m.c.i.l.LifecycleMappingFactory - Using org.eclipse.m2e.jdt.JarLifecycleMapping lifecycle mapping for MavenProject: SeleniumProjectVersion1:SeleniumProjectVersion1:0.0.1-SNAPSHOT @ C:\Users\Butterfly\Desktop\Repository Project\TechmindzFebruary\ProjectWorkspace\SeleniumProjectVersion1\pom.xml.
2023-07-03 14:26:54,085 [Worker-2: Creating project "SeleniumProjectVersion1"] INFO  o.e.m.j.i.AbstractJavaProjectConfigurator - Adding source folder /SeleniumProjectVersion1/src/main/java
2023-07-03 14:26:54,087 [Worker-2: Creating project "SeleniumProjectVersion1"] INFO  o.e.m.j.i.AbstractJavaProjectConfigurator - Adding resource folder /SeleniumProjectVersion1/src/main/resources
2023-07-03 14:26:54,090 [Worker-2: Creating project "SeleniumProjectVersion1"] INFO  o.e.m.j.i.AbstractJavaProjectConfigurator - Adding source folder /SeleniumProjectVersion1/src/test/java
2023-07-03 14:26:54,091 [Worker-2: Creating project "SeleniumProjectVersion1"] INFO  o.e.m.j.i.AbstractJavaProjectConfigurator - Adding resource folder /SeleniumProjectVersion1/src/test/resources
2023-07-03 14:26:55,777 [Worker-16: Building] WARN  o.e.m.c.i.embedder.EclipseLogger - Using platform encoding (Cp1252 actually) to copy filtered resources, i.e. build is platform dependent!
2023-07-03 14:26:55,851 [Worker-16: Building] INFO  o.e.m.c.i.embedder.EclipseLogger - Copying 0 resource
2023-07-03 14:26:55,878 [Worker-16: Building] WARN  o.e.m.c.i.embedder.EclipseLogger - Using platform encoding (Cp1252 actually) to copy filtered resources, i.e. build is platform dependent!
2023-07-03 14:26:55,896 [Worker-16: Building] INFO  o.e.m.c.i.embedder.EclipseLogger - Copying 0 resource
2023-07-03 14:30:32,409 [Worker-2: Loading available Gradle versions] INFO  o.e.b.c.i.u.g.PublishedGradleVersions - Gradle version information cache is up-to-date. Trying to read.
2023-07-03 14:44:32,582 [Worker-10: Building] WARN  o.e.m.c.i.embedder.EclipseLogger - Using platform encoding (Cp1252 actually) to copy filtered resources, i.e. build is platform dependent!
2023-07-03 14:44:32,619 [Worker-10: Building] INFO  o.e.m.c.i.embedder.EclipseLogger - skip non existing resourceDirectory C:\Users\Butterfly\Desktop\Repository Project\TechmindzFebruary\ProjectWorkspace\SeleniumProjectV1\src\main\resources
2023-07-03 14:44:32,633 [Worker-10: Building] WARN  o.e.m.c.i.embedder.EclipseLogger - Using platform encoding (Cp1252 actually) to copy filtered resources, i.e. build is platform dependent!
2023-07-03 14:44:32,659 [Worker-10: Building] INFO  o.e.m.c.i.embedder.EclipseLogger - skip non existing resourceDirectory C:\Users\Butterfly\Desktop\Repository Project\TechmindzFebruary\ProjectWorkspace\SeleniumProjectV1\src\test\resources
2023-07-03 14:45:34,005 [Worker-14: Building] WARN  o.e.m.c.i.embedder.EclipseLogger - Using platform encoding (Cp1252 actually) to copy filtered resources, i.e. build is platform dependent!
2023-07-03 14:45:34,025 [Worker-14: Building] INFO  o.e.m.c.i.embedder.EclipseLogger - skip non existing resourceDirectory C:\Users\Butterfly\Desktop\Repository Project\TechmindzFebruary\ProjectWorkspace\SeleniumProjectV1\src\main\resources
2023-07-03 14:45:34,039 [Worker-14: Building] WARN  o.e.m.c.i.embedder.EclipseLogger - Using platform encoding (Cp1252 actually) to copy filtered resources, i.e. build is platform dependent!
2023-07-03 14:45:34,042 [Worker-14: Building] INFO  o.e.m.c.i.embedder.EclipseLogger - skip non existing resourceDirectory C:\Users\Butterfly\Desktop\Repository Project\TechmindzFebruary\ProjectWorkspace\SeleniumProjectV1\src\test\resources
2023-07-03 14:48:06,842 [Worker-6: Building] WARN  o.e.m.c.i.embedder.EclipseLogger - Using platform encoding (Cp1252 actually) to copy filtered resources, i.e. build is platform dependent!
2023-07-03 14:48:06,865 [Worker-6: Building] INFO  o.e.m.c.i.embedder.EclipseLogger - skip non existing resourceDirectory C:\Users\Butterfly\Desktop\Repository Project\TechmindzFebruary\ProjectWorkspace\SeleniumProjectV1\src\main\resources
2023-07-03 14:48:06,885 [Worker-6: Building] WARN  o.e.m.c.i.embedder.EclipseLogger - Using platform encoding (Cp1252 actually) to copy filtered resources, i.e. build is platform dependent!
2023-07-03 14:48:06,948 [Worker-6: Building] INFO  o.e.m.c.i.embedder.EclipseLogger - skip non existing resourceDirectory C:\Users\Butterfly\Desktop\Repository Project\TechmindzFebruary\ProjectWorkspace\SeleniumProjectV1\src\test\resources
2023-07-03 14:49:27,256 [Worker-17: Building] WARN  o.e.m.c.i.embedder.EclipseLogger - Using platform encoding (Cp1252 actually) to copy filtered resources, i.e. build is platform dependent!
2023-07-03 14:49:27,259 [Worker-17: Building] INFO  o.e.m.c.i.embedder.EclipseLogger - skip non existing resourceDirectory C:\Users\Butterfly\Desktop\Repository Project\TechmindzFebruary\ProjectWorkspace\SeleniumProjectV1\src\main\resources
2023-07-03 14:49:27,265 [Worker-17: Building] WARN  o.e.m.c.i.embedder.EclipseLogger - Using platform encoding (Cp1252 actually) to copy filtered resources, i.e. build is platform dependent!
2023-07-03 14:49:27,268 [Worker-17: Building] INFO  o.e.m.c.i.embedder.EclipseLogger - skip non existing resourceDirectory C:\Users\Butterfly\Desktop\Repository Project\TechmindzFebruary\ProjectWorkspace\SeleniumProjectV1\src\test\resources
